Running command for HPC
Searching for files with the term: output.nbody
Searching for files with the term: input.nbody
Searching for files with the term: halo_catalogue
Searching for files with the term: pk.nbody
Searching for files with the term: values.py
Search and move process complete.
Directory '/gpfs-scratch/m220590ph/FrontEnd_cosmo/ReionYuga/ionz_out' does not exist.
/gpfs-scratch/m220590ph/FrontEnd_cosmo/ReionYuga
ok read nbody output = 4.719422e+06
ok read halo catalogue = 2.180075e-02
No of threads = 32
ok cic_vmass= 1.397603e+02
ok smoothing = 2.046572e+03
vol. avg. x_HI=9.905653e-01, mass avg. x_HI=9.774669e-01
mass avg. x_HI=9.774669e-01
ok time taken= 4.006847e+02

ok read nbody output = 4.425240e+02
ok read halo catalogue = 2.755277e-02
ok cic_vmass= 1.399109e+02
ok smoothing = 2.044215e+03
vol. avg. x_HI=9.894518e-01, mass avg. x_HI=9.750654e-01
mass avg. x_HI=9.750654e-01
ok time taken= 4.003678e+02

ok read nbody output = 4.420988e+02
ok read halo catalogue = 2.092148e-02
ok cic_vmass= 1.399189e+02
ok smoothing = 2.038678e+03
vol. avg. x_HI=9.881955e-01, mass avg. x_HI=9.723673e-01
mass avg. x_HI=9.723673e-01
ok time taken= 4.010563e+02

ok read nbody output = 4.427367e+02
ok read halo catalogue = 2.135231e-02
ok cic_vmass= 1.396900e+02
ok smoothing = 2.053344e+03
vol. avg. x_HI=9.868200e-01, mass avg. x_HI=9.694433e-01
mass avg. x_HI=9.694433e-01
ok time taken= 4.003818e+02

ok read nbody output = 4.420334e+02
ok read halo catalogue = 2.963733e-02
ok cic_vmass= 1.396605e+02
ok smoothing = 2.049986e+03
vol. avg. x_HI=9.852947e-01, mass avg. x_HI=9.662559e-01
mass avg. x_HI=9.662559e-01
ok time taken= 4.011562e+02

ok read nbody output = 4.429573e+02
ok read halo catalogue = 2.295269e-02
ok cic_vmass= 1.400010e+02
ok smoothing = 2.050320e+03
vol. avg. x_HI=9.835719e-01, mass avg. x_HI=9.627106e-01
mass avg. x_HI=9.627106e-01
ok time taken= 4.001927e+02

ok read nbody output = 4.418911e+02
ok read halo catalogue = 4.817806e-02
ok cic_vmass= 1.397153e+02
ok smoothing = 2.048197e+03
vol. avg. x_HI=9.816780e-01, mass avg. x_HI=9.588494e-01
mass avg. x_HI=9.588494e-01
ok time taken= 4.014308e+02

ok read nbody output = 4.431656e+02
ok read halo catalogue = 2.795104e-02
ok cic_vmass= 1.402968e+02
ok smoothing = 2.049723e+03
vol. avg. x_HI=9.795517e-01, mass avg. x_HI=9.545987e-01
mass avg. x_HI=9.545986e-01
ok time taken= 4.002361e+02

ok read nbody output = 4.418981e+02
ok read halo catalogue = 2.460113e-02
ok cic_vmass= 1.399018e+02
ok smoothing = 2.049299e+03
vol. avg. x_HI=9.772318e-01, mass avg. x_HI=9.500151e-01
mass avg. x_HI=9.500151e-01
ok time taken= 4.008425e+02

ok read nbody output = 4.425990e+02
ok read halo catalogue = 2.958776e-02
ok cic_vmass= 1.401347e+02
ok smoothing = 2.044422e+03
vol. avg. x_HI=9.746773e-01, mass avg. x_HI=9.450496e-01
mass avg. x_HI=9.450496e-01
ok time taken= 4.005915e+02

ok read nbody output = 4.422544e+02
ok read halo catalogue = 3.766945e-02
ok cic_vmass= 1.400618e+02
ok smoothing = 2.052705e+03
vol. avg. x_HI=9.718819e-01, mass avg. x_HI=9.396780e-01
mass avg. x_HI=9.396780e-01
ok time taken= 4.007209e+02

ok read nbody output = 4.424165e+02
ok read halo catalogue = 3.446666e-02
ok cic_vmass= 1.401371e+02
ok smoothing = 2.049607e+03
vol. avg. x_HI=9.687241e-01, mass avg. x_HI=9.337458e-01
mass avg. x_HI=9.337458e-01
ok time taken= 4.014664e+02

ok read nbody output = 4.431280e+02
ok read halo catalogue = 3.457451e-02
ok cic_vmass= 1.402827e+02
ok smoothing = 2.047374e+03
vol. avg. x_HI=9.653119e-01, mass avg. x_HI=9.274261e-01
mass avg. x_HI=9.274261e-01
ok time taken= 4.007109e+02

ok read nbody output = 4.493454e+02
ok read halo catalogue = 4.363760e-02
ok cic_vmass= 1.401673e+02
ok smoothing = 2.048961e+03
vol. avg. x_HI=9.615194e-01, mass avg. x_HI=9.205313e-01
mass avg. x_HI=9.205312e-01
ok time taken= 4.016831e+02

ok read nbody output = 4.434121e+02
ok read halo catalogue = 3.452964e-02
ok cic_vmass= 1.404201e+02
ok smoothing = 2.051198e+03
vol. avg. x_HI=9.573321e-01, mass avg. x_HI=9.130271e-01
mass avg. x_HI=9.130271e-01
ok time taken= 4.016189e+02

ok read nbody output = 4.434709e+02
ok read halo catalogue = 3.619152e-02
ok cic_vmass= 1.406108e+02
ok smoothing = 2.050452e+03
vol. avg. x_HI=9.527797e-01, mass avg. x_HI=9.050193e-01
mass avg. x_HI=9.050193e-01
ok time taken= 4.009384e+02

ok read nbody output = 4.427898e+02
ok read halo catalogue = 3.228275e-02
ok cic_vmass= 1.406945e+02
ok smoothing = 2.051914e+03
vol. avg. x_HI=9.478043e-01, mass avg. x_HI=8.964031e-01
mass avg. x_HI=8.964031e-01
ok time taken= 4.011993e+02

ok read nbody output = 4.429096e+02
ok read halo catalogue = 3.518310e-02
ok cic_vmass= 1.403377e+02
ok smoothing = 2.049401e+03
vol. avg. x_HI=9.422555e-01, mass avg. x_HI=8.869885e-01
mass avg. x_HI=8.869885e-01
ok time taken= 4.015429e+02

ok read nbody output = 4.432891e+02
ok read halo catalogue = 3.742312e-02
ok cic_vmass= 1.406477e+02
ok smoothing = 2.049577e+03
vol. avg. x_HI=9.361296e-01, mass avg. x_HI=8.767936e-01
mass avg. x_HI=8.767936e-01
ok time taken= 4.018438e+02

ok read nbody output = 4.437341e+02
ok read halo catalogue = 4.104666e-02
ok cic_vmass= 1.407198e+02
ok smoothing = 2.048341e+03
vol. avg. x_HI=9.294610e-01, mass avg. x_HI=8.659225e-01
mass avg. x_HI=8.659225e-01
ok time taken= 4.024449e+02

ok read nbody output = 4.441597e+02
ok read halo catalogue = 4.127403e-02
ok cic_vmass= 1.406310e+02
ok smoothing = 2.051123e+03
vol. avg. x_HI=9.222094e-01, mass avg. x_HI=8.543388e-01
mass avg. x_HI=8.543387e-01
ok time taken= 4.021332e+02

ok read nbody output = 4.439624e+02
ok read halo catalogue = 4.450544e-02
ok cic_vmass= 1.408707e+02
ok smoothing = 2.053579e+03
vol. avg. x_HI=9.143067e-01, mass avg. x_HI=8.419635e-01
mass avg. x_HI=8.419635e-01
ok time taken= 4.021254e+02

ok read nbody output = 4.439508e+02
ok read halo catalogue = 5.435128e-02
ok cic_vmass= 1.408967e+02
ok smoothing = 2.055702e+03
vol. avg. x_HI=9.056092e-01, mass avg. x_HI=8.286206e-01
mass avg. x_HI=8.286206e-01
ok time taken= 4.023045e+02

ok read nbody output = 4.439280e+02
ok read halo catalogue = 5.479681e-02
ok cic_vmass= 1.407477e+02
ok smoothing = 2.054185e+03
vol. avg. x_HI=8.959821e-01, mass avg. x_HI=8.142427e-01
mass avg. x_HI=8.142427e-01
ok time taken= 4.022846e+02

ok read nbody output = 4.440227e+02
ok read halo catalogue = 5.725855e-02
ok cic_vmass= 1.410493e+02
ok smoothing = 2.049477e+03
vol. avg. x_HI=8.856133e-01, mass avg. x_HI=7.990109e-01
mass avg. x_HI=7.990108e-01
ok time taken= 4.025381e+02

ok read nbody output = 4.442832e+02
ok read halo catalogue = 5.865847e-02
ok cic_vmass= 1.411857e+02
ok smoothing = 2.060718e+03
vol. avg. x_HI=8.741324e-01, mass avg. x_HI=7.826131e-01
mass avg. x_HI=7.826131e-01
ok time taken= 4.028614e+02

ok read nbody output = 4.445690e+02
ok read halo catalogue = 5.546363e-02
ok cic_vmass= 1.411275e+02
ok smoothing = 2.057344e+03
vol. avg. x_HI=8.616512e-01, mass avg. x_HI=7.651647e-01
mass avg. x_HI=7.651647e-01
ok time taken= 4.029996e+02

ok read nbody output = 4.447087e+02
ok read halo catalogue = 6.131280e-02
ok cic_vmass= 1.409012e+02
ok smoothing = 2.055146e+03
vol. avg. x_HI=8.480544e-01, mass avg. x_HI=7.466329e-01
mass avg. x_HI=7.466329e-01
ok time taken= 4.024696e+02

ok read nbody output = 4.443522e+02
ok read halo catalogue = 6.738862e-02
ok cic_vmass= 1.412647e+02
ok smoothing = 2.056758e+03
vol. avg. x_HI=8.330406e-01, mass avg. x_HI=7.267554e-01
mass avg. x_HI=7.267554e-01
ok time taken= 4.029121e+02

ok read nbody output = 4.446509e+02
ok read halo catalogue = 6.947689e-02
ok cic_vmass= 1.411872e+02
ok smoothing = 2.058096e+03
vol. avg. x_HI=8.165450e-01, mass avg. x_HI=7.054644e-01
mass avg. x_HI=7.054644e-01
ok time taken= 4.020558e+02

ok read nbody output = 4.438676e+02
ok read halo catalogue = 7.515813e-02
ok cic_vmass= 1.414630e+02
ok smoothing = 2.057419e+03
vol. avg. x_HI=7.984875e-01, mass avg. x_HI=6.828063e-01
mass avg. x_HI=6.828063e-01
ok time taken= 4.028129e+02

ok read nbody output = 4.445623e+02
ok read halo catalogue = 7.237386e-02
ok cic_vmass= 1.413889e+02
ok smoothing = 2.058262e+03
vol. avg. x_HI=7.786183e-01, mass avg. x_HI=6.586089e-01
mass avg. x_HI=6.586089e-01
ok time taken= 4.031288e+02

ok read nbody output = 4.449272e+02
ok read halo catalogue = 7.263920e-02
ok cic_vmass= 1.413886e+02
ok smoothing = 2.056735e+03
vol. avg. x_HI=7.567541e-01, mass avg. x_HI=6.328322e-01
mass avg. x_HI=6.328322e-01
ok time taken= 4.024192e+02

ok read nbody output = 4.440421e+02
ok read halo catalogue = 6.630127e-02
ok cic_vmass= 1.411130e+02
ok smoothing = 2.061158e+03
vol. avg. x_HI=7.328815e-01, mass avg. x_HI=6.055458e-01
mass avg. x_HI=6.055457e-01
ok time taken= 4.029896e+02

ok read nbody output = 4.447720e+02
ok read halo catalogue = 8.146542e-02
ok cic_vmass= 1.418656e+02
ok smoothing = 2.064375e+03
vol. avg. x_HI=7.063515e-01, mass avg. x_HI=5.762441e-01
mass avg. x_HI=5.762441e-01
ok time taken= 4.032945e+02

ok read nbody output = 4.450630e+02
ok read halo catalogue = 6.671835e-02
ok cic_vmass= 1.414753e+02
ok smoothing = 2.063340e+03
vol. avg. x_HI=6.773984e-01, mass avg. x_HI=5.453011e-01
mass avg. x_HI=5.453011e-01
ok time taken= 4.036770e+02

ok read nbody output = 4.454633e+02
ok read halo catalogue = 1.109212e-01
ok cic_vmass= 1.415998e+02
ok smoothing = 2.062665e+03
vol. avg. x_HI=6.453027e-01, mass avg. x_HI=5.121838e-01
mass avg. x_HI=5.121838e-01
ok time taken= 4.034916e+02

ok read nbody output = 4.452329e+02
ok read halo catalogue = 8.690736e-02
ok cic_vmass= 1.418078e+02
ok smoothing = 2.063682e+03
vol. avg. x_HI=6.098542e-01, mass avg. x_HI=4.768344e-01
mass avg. x_HI=4.768344e-01
ok time taken= 4.030305e+02

ok read nbody output = 4.447263e+02
ok read halo catalogue = 8.973918e-02
ok cic_vmass= 1.414984e+02
ok smoothing = 2.068417e+03
vol. avg. x_HI=5.714997e-01, mass avg. x_HI=4.398835e-01
mass avg. x_HI=4.398835e-01
ok time taken= 4.029186e+02

ok read nbody output = 4.445324e+02
ok read halo catalogue = 9.488808e-02
ok cic_vmass= 1.414819e+02
ok smoothing = 2.073202e+03
vol. avg. x_HI=5.297332e-01, mass avg. x_HI=4.011028e-01
mass avg. x_HI=4.011028e-01
ok time taken= 4.037361e+02

ok read nbody output = 4.454619e+02
ok read halo catalogue = 1.031511e-01
ok cic_vmass= 1.415164e+02
ok smoothing = 2.070693e+03
vol. avg. x_HI=4.848347e-01, mass avg. x_HI=3.609089e-01
mass avg. x_HI=3.609089e-01
ok time taken= 4.036895e+02

ok read nbody output = 4.456663e+02
ok read halo catalogue = 9.832920e-02
ok cic_vmass= 1.418591e+02
ok smoothing = 2.074528e+03
vol. avg. x_HI=4.369007e-01, mass avg. x_HI=3.193682e-01
mass avg. x_HI=3.193682e-01
ok time taken= 4.051428e+02

ok read nbody output = 4.468674e+02
ok read halo catalogue = 1.050621e-01
ok cic_vmass= 1.419145e+02
ok smoothing = 2.073047e+03
vol. avg. x_HI=3.881133e-01, mass avg. x_HI=2.784985e-01
mass avg. x_HI=2.784985e-01
ok time taken= 4.026284e+02

ok read nbody output = 4.443758e+02
ok read halo catalogue = 1.140567e-01
ok cic_vmass= 1.421707e+02
ok smoothing = 2.074209e+03
vol. avg. x_HI=3.392606e-01, mass avg. x_HI=2.387989e-01
mass avg. x_HI=2.387989e-01
ok time taken= 4.037619e+02

ok read nbody output = 4.455526e+02
ok read halo catalogue = 1.094261e-01
ok cic_vmass= 1.418378e+02
ok smoothing = 2.075306e+03
vol. avg. x_HI=2.916781e-01, mass avg. x_HI=2.012336e-01
mass avg. x_HI=2.012336e-01
ok time taken= 4.031808e+02

ok read nbody output = 4.449264e+02
ok read halo catalogue = 1.090945e-01
ok cic_vmass= 1.416988e+02
ok smoothing = 2.077477e+03
vol. avg. x_HI=2.465520e-01, mass avg. x_HI=1.666096e-01
mass avg. x_HI=1.666096e-01
ok time taken= 4.037984e+02

ok read nbody output = 4.455940e+02
ok read halo catalogue = 1.078675e-01
ok cic_vmass= 1.420011e+02
ok smoothing = 2.077358e+03
vol. avg. x_HI=2.059590e-01, mass avg. x_HI=1.362293e-01
mass avg. x_HI=1.362293e-01
ok time taken= 4.039236e+02

ok read nbody output = 4.457248e+02
ok read halo catalogue = 1.095336e-01
ok cic_vmass= 1.421322e+02
ok smoothing = 2.073586e+03
vol. avg. x_HI=1.686437e-01, mass avg. x_HI=1.090879e-01
mass avg. x_HI=1.090879e-01
ok time taken= 4.039361e+02

ok read nbody output = 4.456444e+02
ok read halo catalogue = 1.206035e-01
ok cic_vmass= 1.420171e+02
ok smoothing = 2.083052e+03
vol. avg. x_HI=1.357775e-01, mass avg. x_HI=8.580760e-02
mass avg. x_HI=8.580760e-02
ok time taken= 4.037176e+02

ok read nbody output = 4.454455e+02
ok read halo catalogue = 1.289309e-01
ok cic_vmass= 1.421938e+02
ok smoothing = 2.079526e+03
vol. avg. x_HI=1.075815e-01, mass avg. x_HI=6.634224e-02
mass avg. x_HI=6.634224e-02
ok time taken= 4.046856e+02

ok read nbody output = 4.533361e+02
ok read halo catalogue = 1.351443e-01
ok cic_vmass= 1.424231e+02
ok smoothing = 2.079239e+03
vol. avg. x_HI=8.390658e-02, mass avg. x_HI=5.048958e-02
mass avg. x_HI=5.048958e-02
ok time taken= 4.045758e+02

done. Total time taken = 37hr 42min 23sec
Exicution Completed
Moved folder 'ionz_out' to '/gpfs-scratch/m220590ph/FrontEnd_cosmo/../Save/BackupRun_26/'
Searching for files with the term: output.nbody
Moved output.nbody_10.000 to /gpfs-scratch/m220590ph/FrontEnd_cosmo/../Save/BackupRun_26/
Moved output.nbody_5.000 to /gpfs-scratch/m220590ph/FrontEnd_cosmo/../Save/BackupRun_26/
Moved output.nbody_5.100 to /gpfs-scratch/m220590ph/FrontEnd_cosmo/../Save/BackupRun_26/
Moved output.nbody_5.200 to /gpfs-scratch/m220590ph/FrontEnd_cosmo/../Save/BackupRun_26/
Moved output.nbody_5.300 to /gpfs-scratch/m220590ph/FrontEnd_cosmo/../Save/BackupRun_26/
Moved output.nbody_5.400 to /gpfs-scratch/m220590ph/FrontEnd_cosmo/../Save/BackupRun_26/
Moved output.nbody_5.500 to /gpfs-scratch/m220590ph/FrontEnd_cosmo/../Save/BackupRun_26/
Moved output.nbody_5.600 to /gpfs-scratch/m220590ph/FrontEnd_cosmo/../Save/BackupRun_26/
Moved output.nbody_5.700 to /gpfs-scratch/m220590ph/FrontEnd_cosmo/../Save/BackupRun_26/
Moved output.nbody_5.800 to /gpfs-scratch/m220590ph/FrontEnd_cosmo/../Save/BackupRun_26/
Moved output.nbody_5.900 to /gpfs-scratch/m220590ph/FrontEnd_cosmo/../Save/BackupRun_26/
Moved output.nbody_6.000 to /gpfs-scratch/m220590ph/FrontEnd_cosmo/../Save/BackupRun_26/
Moved output.nbody_6.100 to /gpfs-scratch/m220590ph/FrontEnd_cosmo/../Save/BackupRun_26/
Moved output.nbody_6.200 to /gpfs-scratch/m220590ph/FrontEnd_cosmo/../Save/BackupRun_26/
Moved output.nbody_6.300 to /gpfs-scratch/m220590ph/FrontEnd_cosmo/../Save/BackupRun_26/
Moved output.nbody_6.400 to /gpfs-scratch/m220590ph/FrontEnd_cosmo/../Save/BackupRun_26/
Moved output.nbody_6.500 to /gpfs-scratch/m220590ph/FrontEnd_cosmo/../Save/BackupRun_26/
Moved output.nbody_6.600 to /gpfs-scratch/m220590ph/FrontEnd_cosmo/../Save/BackupRun_26/
Moved output.nbody_6.700 to /gpfs-scratch/m220590ph/FrontEnd_cosmo/../Save/BackupRun_26/
Moved output.nbody_6.800 to /gpfs-scratch/m220590ph/FrontEnd_cosmo/../Save/BackupRun_26/
Moved output.nbody_6.900 to /gpfs-scratch/m220590ph/FrontEnd_cosmo/../Save/BackupRun_26/
Moved output.nbody_7.000 to /gpfs-scratch/m220590ph/FrontEnd_cosmo/../Save/BackupRun_26/
Moved output.nbody_7.100 to /gpfs-scratch/m220590ph/FrontEnd_cosmo/../Save/BackupRun_26/
Moved output.nbody_7.200 to /gpfs-scratch/m220590ph/FrontEnd_cosmo/../Save/BackupRun_26/
Moved output.nbody_7.300 to /gpfs-scratch/m220590ph/FrontEnd_cosmo/../Save/BackupRun_26/
Moved output.nbody_7.400 to /gpfs-scratch/m220590ph/FrontEnd_cosmo/../Save/BackupRun_26/
Moved output.nbody_7.500 to /gpfs-scratch/m220590ph/FrontEnd_cosmo/../Save/BackupRun_26/
Moved output.nbody_7.600 to /gpfs-scratch/m220590ph/FrontEnd_cosmo/../Save/BackupRun_26/
Moved output.nbody_7.700 to /gpfs-scratch/m220590ph/FrontEnd_cosmo/../Save/BackupRun_26/
Moved output.nbody_7.800 to /gpfs-scratch/m220590ph/FrontEnd_cosmo/../Save/BackupRun_26/
Moved output.nbody_7.900 to /gpfs-scratch/m220590ph/FrontEnd_cosmo/../Save/BackupRun_26/
Moved output.nbody_8.000 to /gpfs-scratch/m220590ph/FrontEnd_cosmo/../Save/BackupRun_26/
Moved output.nbody_8.100 to /gpfs-scratch/m220590ph/FrontEnd_cosmo/../Save/BackupRun_26/
Moved output.nbody_8.200 to /gpfs-scratch/m220590ph/FrontEnd_cosmo/../Save/BackupRun_26/
Moved output.nbody_8.300 to /gpfs-scratch/m220590ph/FrontEnd_cosmo/../Save/BackupRun_26/
Moved output.nbody_8.400 to /gpfs-scratch/m220590ph/FrontEnd_cosmo/../Save/BackupRun_26/
Moved output.nbody_8.500 to /gpfs-scratch/m220590ph/FrontEnd_cosmo/../Save/BackupRun_26/
Moved output.nbody_8.600 to /gpfs-scratch/m220590ph/FrontEnd_cosmo/../Save/BackupRun_26/
Moved output.nbody_8.700 to /gpfs-scratch/m220590ph/FrontEnd_cosmo/../Save/BackupRun_26/
Moved output.nbody_8.800 to /gpfs-scratch/m220590ph/FrontEnd_cosmo/../Save/BackupRun_26/
Moved output.nbody_8.900 to /gpfs-scratch/m220590ph/FrontEnd_cosmo/../Save/BackupRun_26/
Moved output.nbody_9.000 to /gpfs-scratch/m220590ph/FrontEnd_cosmo/../Save/BackupRun_26/
Moved output.nbody_9.100 to /gpfs-scratch/m220590ph/FrontEnd_cosmo/../Save/BackupRun_26/
Moved output.nbody_9.200 to /gpfs-scratch/m220590ph/FrontEnd_cosmo/../Save/BackupRun_26/
Moved output.nbody_9.300 to /gpfs-scratch/m220590ph/FrontEnd_cosmo/../Save/BackupRun_26/
Moved output.nbody_9.400 to /gpfs-scratch/m220590ph/FrontEnd_cosmo/../Save/BackupRun_26/
Moved output.nbody_9.500 to /gpfs-scratch/m220590ph/FrontEnd_cosmo/../Save/BackupRun_26/
Moved output.nbody_9.600 to /gpfs-scratch/m220590ph/FrontEnd_cosmo/../Save/BackupRun_26/
Moved output.nbody_9.700 to /gpfs-scratch/m220590ph/FrontEnd_cosmo/../Save/BackupRun_26/
Moved output.nbody_9.800 to /gpfs-scratch/m220590ph/FrontEnd_cosmo/../Save/BackupRun_26/
Moved output.nbody_9.900 to /gpfs-scratch/m220590ph/FrontEnd_cosmo/../Save/BackupRun_26/
Searching for files with the term: input.nbody
Moved input.nbody_comp to /gpfs-scratch/m220590ph/FrontEnd_cosmo/../Save/BackupRun_26/
Searching for files with the term: halo_catalogue
Moved halo_catalogue_10.000 to /gpfs-scratch/m220590ph/FrontEnd_cosmo/../Save/BackupRun_26/
Moved halo_catalogue_5.000 to /gpfs-scratch/m220590ph/FrontEnd_cosmo/../Save/BackupRun_26/
Moved halo_catalogue_5.100 to /gpfs-scratch/m220590ph/FrontEnd_cosmo/../Save/BackupRun_26/
Moved halo_catalogue_5.200 to /gpfs-scratch/m220590ph/FrontEnd_cosmo/../Save/BackupRun_26/
Moved halo_catalogue_5.300 to /gpfs-scratch/m220590ph/FrontEnd_cosmo/../Save/BackupRun_26/
Moved halo_catalogue_5.400 to /gpfs-scratch/m220590ph/FrontEnd_cosmo/../Save/BackupRun_26/
Moved halo_catalogue_5.500 to /gpfs-scratch/m220590ph/FrontEnd_cosmo/../Save/BackupRun_26/
Moved halo_catalogue_5.600 to /gpfs-scratch/m220590ph/FrontEnd_cosmo/../Save/BackupRun_26/
Moved halo_catalogue_5.700 to /gpfs-scratch/m220590ph/FrontEnd_cosmo/../Save/BackupRun_26/
Moved halo_catalogue_5.800 to /gpfs-scratch/m220590ph/FrontEnd_cosmo/../Save/BackupRun_26/
Moved halo_catalogue_5.900 to /gpfs-scratch/m220590ph/FrontEnd_cosmo/../Save/BackupRun_26/
Moved halo_catalogue_6.000 to /gpfs-scratch/m220590ph/FrontEnd_cosmo/../Save/BackupRun_26/
Moved halo_catalogue_6.100 to /gpfs-scratch/m220590ph/FrontEnd_cosmo/../Save/BackupRun_26/
Moved halo_catalogue_6.200 to /gpfs-scratch/m220590ph/FrontEnd_cosmo/../Save/BackupRun_26/
Moved halo_catalogue_6.300 to /gpfs-scratch/m220590ph/FrontEnd_cosmo/../Save/BackupRun_26/
Moved halo_catalogue_6.400 to /gpfs-scratch/m220590ph/FrontEnd_cosmo/../Save/BackupRun_26/
Moved halo_catalogue_6.500 to /gpfs-scratch/m220590ph/FrontEnd_cosmo/../Save/BackupRun_26/
Moved halo_catalogue_6.600 to /gpfs-scratch/m220590ph/FrontEnd_cosmo/../Save/BackupRun_26/
Moved halo_catalogue_6.700 to /gpfs-scratch/m220590ph/FrontEnd_cosmo/../Save/BackupRun_26/
Moved halo_catalogue_6.800 to /gpfs-scratch/m220590ph/FrontEnd_cosmo/../Save/BackupRun_26/
Moved halo_catalogue_6.900 to /gpfs-scratch/m220590ph/FrontEnd_cosmo/../Save/BackupRun_26/
Moved halo_catalogue_7.000 to /gpfs-scratch/m220590ph/FrontEnd_cosmo/../Save/BackupRun_26/
Moved halo_catalogue_7.100 to /gpfs-scratch/m220590ph/FrontEnd_cosmo/../Save/BackupRun_26/
Moved halo_catalogue_7.200 to /gpfs-scratch/m220590ph/FrontEnd_cosmo/../Save/BackupRun_26/
Moved halo_catalogue_7.300 to /gpfs-scratch/m220590ph/FrontEnd_cosmo/../Save/BackupRun_26/
Moved halo_catalogue_7.400 to /gpfs-scratch/m220590ph/FrontEnd_cosmo/../Save/BackupRun_26/
Moved halo_catalogue_7.500 to /gpfs-scratch/m220590ph/FrontEnd_cosmo/../Save/BackupRun_26/
Moved halo_catalogue_7.600 to /gpfs-scratch/m220590ph/FrontEnd_cosmo/../Save/BackupRun_26/
Moved halo_catalogue_7.700 to /gpfs-scratch/m220590ph/FrontEnd_cosmo/../Save/BackupRun_26/
Moved halo_catalogue_7.800 to /gpfs-scratch/m220590ph/FrontEnd_cosmo/../Save/BackupRun_26/
Moved halo_catalogue_7.900 to /gpfs-scratch/m220590ph/FrontEnd_cosmo/../Save/BackupRun_26/
Moved halo_catalogue_8.000 to /gpfs-scratch/m220590ph/FrontEnd_cosmo/../Save/BackupRun_26/
Moved halo_catalogue_8.100 to /gpfs-scratch/m220590ph/FrontEnd_cosmo/../Save/BackupRun_26/
Moved halo_catalogue_8.200 to /gpfs-scratch/m220590ph/FrontEnd_cosmo/../Save/BackupRun_26/
Moved halo_catalogue_8.300 to /gpfs-scratch/m220590ph/FrontEnd_cosmo/../Save/BackupRun_26/
Moved halo_catalogue_8.400 to /gpfs-scratch/m220590ph/FrontEnd_cosmo/../Save/BackupRun_26/
Moved halo_catalogue_8.500 to /gpfs-scratch/m220590ph/FrontEnd_cosmo/../Save/BackupRun_26/
Moved halo_catalogue_8.600 to /gpfs-scratch/m220590ph/FrontEnd_cosmo/../Save/BackupRun_26/
Moved halo_catalogue_8.700 to /gpfs-scratch/m220590ph/FrontEnd_cosmo/../Save/BackupRun_26/
Moved halo_catalogue_8.800 to /gpfs-scratch/m220590ph/FrontEnd_cosmo/../Save/BackupRun_26/
Moved halo_catalogue_8.900 to /gpfs-scratch/m220590ph/FrontEnd_cosmo/../Save/BackupRun_26/
Moved halo_catalogue_9.000 to /gpfs-scratch/m220590ph/FrontEnd_cosmo/../Save/BackupRun_26/
Moved halo_catalogue_9.100 to /gpfs-scratch/m220590ph/FrontEnd_cosmo/../Save/BackupRun_26/
Moved halo_catalogue_9.200 to /gpfs-scratch/m220590ph/FrontEnd_cosmo/../Save/BackupRun_26/
Moved halo_catalogue_9.300 to /gpfs-scratch/m220590ph/FrontEnd_cosmo/../Save/BackupRun_26/
Moved halo_catalogue_9.400 to /gpfs-scratch/m220590ph/FrontEnd_cosmo/../Save/BackupRun_26/
Moved halo_catalogue_9.500 to /gpfs-scratch/m220590ph/FrontEnd_cosmo/../Save/BackupRun_26/
Moved halo_catalogue_9.600 to /gpfs-scratch/m220590ph/FrontEnd_cosmo/../Save/BackupRun_26/
Moved halo_catalogue_9.700 to /gpfs-scratch/m220590ph/FrontEnd_cosmo/../Save/BackupRun_26/
Moved halo_catalogue_9.800 to /gpfs-scratch/m220590ph/FrontEnd_cosmo/../Save/BackupRun_26/
Moved halo_catalogue_9.900 to /gpfs-scratch/m220590ph/FrontEnd_cosmo/../Save/BackupRun_26/
Searching for files with the term: pk.nbody
Moved pk.nbody10.0 to /gpfs-scratch/m220590ph/FrontEnd_cosmo/../Save/BackupRun_26/
Moved pk.nbody5.0 to /gpfs-scratch/m220590ph/FrontEnd_cosmo/../Save/BackupRun_26/
Moved pk.nbody5.1 to /gpfs-scratch/m220590ph/FrontEnd_cosmo/../Save/BackupRun_26/
Moved pk.nbody5.2 to /gpfs-scratch/m220590ph/FrontEnd_cosmo/../Save/BackupRun_26/
Moved pk.nbody5.3 to /gpfs-scratch/m220590ph/FrontEnd_cosmo/../Save/BackupRun_26/
Moved pk.nbody5.4 to /gpfs-scratch/m220590ph/FrontEnd_cosmo/../Save/BackupRun_26/
Moved pk.nbody5.5 to /gpfs-scratch/m220590ph/FrontEnd_cosmo/../Save/BackupRun_26/
Moved pk.nbody5.6 to /gpfs-scratch/m220590ph/FrontEnd_cosmo/../Save/BackupRun_26/
Moved pk.nbody5.7 to /gpfs-scratch/m220590ph/FrontEnd_cosmo/../Save/BackupRun_26/
Moved pk.nbody5.8 to /gpfs-scratch/m220590ph/FrontEnd_cosmo/../Save/BackupRun_26/
Moved pk.nbody5.9 to /gpfs-scratch/m220590ph/FrontEnd_cosmo/../Save/BackupRun_26/
Moved pk.nbody6.0 to /gpfs-scratch/m220590ph/FrontEnd_cosmo/../Save/BackupRun_26/
Moved pk.nbody6.1 to /gpfs-scratch/m220590ph/FrontEnd_cosmo/../Save/BackupRun_26/
Moved pk.nbody6.2 to /gpfs-scratch/m220590ph/FrontEnd_cosmo/../Save/BackupRun_26/
Moved pk.nbody6.3 to /gpfs-scratch/m220590ph/FrontEnd_cosmo/../Save/BackupRun_26/
Moved pk.nbody6.4 to /gpfs-scratch/m220590ph/FrontEnd_cosmo/../Save/BackupRun_26/
Moved pk.nbody6.5 to /gpfs-scratch/m220590ph/FrontEnd_cosmo/../Save/BackupRun_26/
Moved pk.nbody6.6 to /gpfs-scratch/m220590ph/FrontEnd_cosmo/../Save/BackupRun_26/
Moved pk.nbody6.7 to /gpfs-scratch/m220590ph/FrontEnd_cosmo/../Save/BackupRun_26/
Moved pk.nbody6.8 to /gpfs-scratch/m220590ph/FrontEnd_cosmo/../Save/BackupRun_26/
Moved pk.nbody6.9 to /gpfs-scratch/m220590ph/FrontEnd_cosmo/../Save/BackupRun_26/
Moved pk.nbody7.0 to /gpfs-scratch/m220590ph/FrontEnd_cosmo/../Save/BackupRun_26/
Moved pk.nbody7.1 to /gpfs-scratch/m220590ph/FrontEnd_cosmo/../Save/BackupRun_26/
Moved pk.nbody7.2 to /gpfs-scratch/m220590ph/FrontEnd_cosmo/../Save/BackupRun_26/
Moved pk.nbody7.3 to /gpfs-scratch/m220590ph/FrontEnd_cosmo/../Save/BackupRun_26/
Moved pk.nbody7.4 to /gpfs-scratch/m220590ph/FrontEnd_cosmo/../Save/BackupRun_26/
Moved pk.nbody7.5 to /gpfs-scratch/m220590ph/FrontEnd_cosmo/../Save/BackupRun_26/
Moved pk.nbody7.6 to /gpfs-scratch/m220590ph/FrontEnd_cosmo/../Save/BackupRun_26/
Moved pk.nbody7.7 to /gpfs-scratch/m220590ph/FrontEnd_cosmo/../Save/BackupRun_26/
Moved pk.nbody7.8 to /gpfs-scratch/m220590ph/FrontEnd_cosmo/../Save/BackupRun_26/
Moved pk.nbody7.9 to /gpfs-scratch/m220590ph/FrontEnd_cosmo/../Save/BackupRun_26/
Moved pk.nbody8.0 to /gpfs-scratch/m220590ph/FrontEnd_cosmo/../Save/BackupRun_26/
Moved pk.nbody8.1 to /gpfs-scratch/m220590ph/FrontEnd_cosmo/../Save/BackupRun_26/
Moved pk.nbody8.2 to /gpfs-scratch/m220590ph/FrontEnd_cosmo/../Save/BackupRun_26/
Moved pk.nbody8.3 to /gpfs-scratch/m220590ph/FrontEnd_cosmo/../Save/BackupRun_26/
Moved pk.nbody8.4 to /gpfs-scratch/m220590ph/FrontEnd_cosmo/../Save/BackupRun_26/
Moved pk.nbody8.5 to /gpfs-scratch/m220590ph/FrontEnd_cosmo/../Save/BackupRun_26/
Moved pk.nbody8.6 to /gpfs-scratch/m220590ph/FrontEnd_cosmo/../Save/BackupRun_26/
Moved pk.nbody8.7 to /gpfs-scratch/m220590ph/FrontEnd_cosmo/../Save/BackupRun_26/
Moved pk.nbody8.8 to /gpfs-scratch/m220590ph/FrontEnd_cosmo/../Save/BackupRun_26/
Moved pk.nbody8.9 to /gpfs-scratch/m220590ph/FrontEnd_cosmo/../Save/BackupRun_26/
Moved pk.nbody9.0 to /gpfs-scratch/m220590ph/FrontEnd_cosmo/../Save/BackupRun_26/
Moved pk.nbody9.1 to /gpfs-scratch/m220590ph/FrontEnd_cosmo/../Save/BackupRun_26/
Moved pk.nbody9.2 to /gpfs-scratch/m220590ph/FrontEnd_cosmo/../Save/BackupRun_26/
Moved pk.nbody9.3 to /gpfs-scratch/m220590ph/FrontEnd_cosmo/../Save/BackupRun_26/
Moved pk.nbody9.4 to /gpfs-scratch/m220590ph/FrontEnd_cosmo/../Save/BackupRun_26/
Moved pk.nbody9.5 to /gpfs-scratch/m220590ph/FrontEnd_cosmo/../Save/BackupRun_26/
Moved pk.nbody9.6 to /gpfs-scratch/m220590ph/FrontEnd_cosmo/../Save/BackupRun_26/
Moved pk.nbody9.7 to /gpfs-scratch/m220590ph/FrontEnd_cosmo/../Save/BackupRun_26/
Moved pk.nbody9.8 to /gpfs-scratch/m220590ph/FrontEnd_cosmo/../Save/BackupRun_26/
Moved pk.nbody9.9 to /gpfs-scratch/m220590ph/FrontEnd_cosmo/../Save/BackupRun_26/
Searching for files with the term: values.py
Moved values.py to /gpfs-scratch/m220590ph/FrontEnd_cosmo/../Save/BackupRun_26/
Search and move process complete.
Running command for HPC
/gpfs-scratch/m220590ph/FrontEnd_cosmo
/gpfs-scratch/m220590ph/Save
['HI_map_10.000', 'HI_map_9.900', 'HI_map_9.800', 'HI_map_9.700', 'HI_map_9.600', 'HI_map_9.500', 'HI_map_9.400', 'HI_map_9.300', 'HI_map_9.200', 'HI_map_9.100', 'HI_map_9.000', 'HI_map_8.900', 'HI_map_8.800', 'HI_map_8.700', 'HI_map_8.600', 'HI_map_8.500', 'HI_map_8.400', 'HI_map_8.300', 'HI_map_8.200', 'HI_map_8.100', 'HI_map_8.000', 'HI_map_7.900', 'HI_map_7.800', 'HI_map_7.700', 'HI_map_7.600', 'HI_map_7.500', 'HI_map_7.400', 'HI_map_7.300', 'HI_map_7.200', 'HI_map_7.100', 'HI_map_7.000', 'HI_map_6.900', 'HI_map_6.800', 'HI_map_6.700', 'HI_map_6.600', 'HI_map_6.500', 'HI_map_6.400', 'HI_map_6.300', 'HI_map_6.200', 'HI_map_6.100', 'HI_map_6.000', 'HI_map_5.900', 'HI_map_5.800', 'HI_map_5.700', 'HI_map_5.600', 'HI_map_5.500', 'HI_map_5.400', 'HI_map_5.300', 'HI_map_5.200', 'HI_map_5.100', 'HI_map_5.000']
No of grids in the desnity file
768
768
768
Animination saved as Save/animation/mov_BackupRun_26_HI_map_.mp4
/gpfs-scratch/m220590ph/FrontEnd_cosmo
/gpfs-scratch/m220590ph/Save
['HI_map_10.000', 'HI_map_9.900', 'HI_map_9.800', 'HI_map_9.700', 'HI_map_9.600', 'HI_map_9.500', 'HI_map_9.400', 'HI_map_9.300', 'HI_map_9.200', 'HI_map_9.100', 'HI_map_9.000', 'HI_map_8.900', 'HI_map_8.800', 'HI_map_8.700', 'HI_map_8.600', 'HI_map_8.500', 'HI_map_8.400', 'HI_map_8.300', 'HI_map_8.200', 'HI_map_8.100', 'HI_map_8.000', 'HI_map_7.900', 'HI_map_7.800', 'HI_map_7.700', 'HI_map_7.600', 'HI_map_7.500', 'HI_map_7.400', 'HI_map_7.300', 'HI_map_7.200', 'HI_map_7.100', 'HI_map_7.000', 'HI_map_6.900', 'HI_map_6.800', 'HI_map_6.700', 'HI_map_6.600', 'HI_map_6.500', 'HI_map_6.400', 'HI_map_6.300', 'HI_map_6.200', 'HI_map_6.100', 'HI_map_6.000', 'HI_map_5.900', 'HI_map_5.800', 'HI_map_5.700', 'HI_map_5.600', 'HI_map_5.500', 'HI_map_5.400', 'HI_map_5.300', 'HI_map_5.200', 'HI_map_5.100', 'HI_map_5.000']
No of grids in the desnity file
768
768
768
Animination saved as Save/animation/mov_BackupRun_26_HI_map__clean.mp4
“Job finished successfully”
