Running command for HPC
Searching for files with the term: output.nbody
Searching for files with the term: input.nbody
Searching for files with the term: pk.
Moved pk.inp to ../trash
Moved pk.zel to ../trash
Searching for files with the term: halo_catalogue
Cleaned N Nody
Searching for files with the term: output.nbody
Searching for files with the term: input.nbody
Searching for files with the term: pk.
Searching for files with the term: halo_catalogue
Cleaned FOF
Directory '/gpfs-scratch/m220590ph/FrontEnd_cosmo/ReionYuga/ionz_out' does not exist.
Folder 'ionz_out' does not exist in the source directory.
Moved folder 'ionz_out' to '../trash/_7/'
Searching for files with the term: output.nbody
Searching for files with the term: input.nbody
Searching for files with the term: pk.
Searching for files with the term: halo_catalogue
Search and move process complete.
gcc -c -g -I/gpfs-home/m220590ph/softwares/fftw/include/ nbody_comp.c -L/gpfs-home/m220590ph/softwares/fftw/lib/  -fopenmp -lfftw3f_omp -lfftw3f -lm
gcc -c  -g   -I/gpfs-home/m220590ph/softwares/fftw/include/ nbody_funcs.c -L/gpfs-home/m220590ph/softwares/fftw/lib/  -fopenmp -lfftw3f_omp -lfftw3f -lm
gcc -c -g -I/gpfs-home/m220590ph/softwares/fftw/include/ allotarrays.c -L/gpfs-home/m220590ph/softwares/fftw/lib/  -fopenmp -lfftw3f_omp -lfftw3f -lm
gcc -c  -g   -I/gpfs-home/m220590ph/softwares/fftw/include/ funcs.c -L/gpfs-home/m220590ph/softwares/fftw/lib/  -fopenmp -lfftw3f_omp -lfftw3f -lm
gcc -c -g -I/gpfs-home/m220590ph/softwares/fftw/include/ powerspec.c -L/gpfs-home/m220590ph/softwares/fftw/lib/  -fopenmp -lfftw3f_omp -lfftw3f -lm
gcc -c -g -I/gpfs-home/m220590ph/softwares/fftw/include/ tf_fit.c -L/gpfs-home/m220590ph/softwares/fftw/lib/  -fopenmp -lfftw3f_omp -lfftw3f -lm
gcc -g -o nbody_comp nbody_comp.o nbody_funcs.o funcs.o allotarrays.o powerspec.o tf_fit.o -L/gpfs-home/m220590ph/softwares/fftw/lib/  -fopenmp -lfftw3f_omp -lfftw3f -lm
rm -rf *.o
rm -rf *~
gcc -c -g -I/gpfs-home/m220590ph/softwares/fftw/include/ fof_main.c -L/gpfs-home/m220590ph/softwares/fftw/lib/  -fopenmp -lfftw3f_omp -lfftw3f -lm
gcc -c  -g   -I/gpfs-home/m220590ph/softwares/fftw/include/ nbody_funcs.c -L/gpfs-home/m220590ph/softwares/fftw/lib/  -fopenmp -lfftw3f_omp -lfftw3f -lm
gcc -c -g -I/gpfs-home/m220590ph/softwares/fftw/include/ allotarrays.c -L/gpfs-home/m220590ph/softwares/fftw/lib/  -fopenmp -lfftw3f_omp -lfftw3f -lm
gcc -c  -g   -I/gpfs-home/m220590ph/softwares/fftw/include/ funcs.c -L/gpfs-home/m220590ph/softwares/fftw/lib/  -fopenmp -lfftw3f_omp -lfftw3f -lm
gcc -c -g -I/gpfs-home/m220590ph/softwares/fftw/include/ powerspec.c -L/gpfs-home/m220590ph/softwares/fftw/lib/  -fopenmp -lfftw3f_omp -lfftw3f -lm
gcc -c -g -I/gpfs-home/m220590ph/softwares/fftw/include/ tf_fit.c -L/gpfs-home/m220590ph/softwares/fftw/lib/  -fopenmp -lfftw3f_omp -lfftw3f -lm
gcc -g -o fof_main fof_main.o nbody_funcs.o funcs.o allotarrays.o powerspec.o tf_fit.o -L/gpfs-home/m220590ph/softwares/fftw/lib/  -fopenmp -lfftw3f_omp -lfftw3f -lm
rm -rf *.o
rm -rf *~
gcc -c -g -I/gpfs-home/m220590ph/softwares/fftw/include/ ionz_main.c -L/gpfs-home/m220590ph/softwares/fftw/lib/  -fopenmp -lfftw3f_omp -lfftw3f -lm
gcc -c  -g   -I/gpfs-home/m220590ph/softwares/fftw/include/ nbody_funcs.c -L/gpfs-home/m220590ph/softwares/fftw/lib/  -fopenmp -lfftw3f_omp -lfftw3f -lm
gcc -c -g -I/gpfs-home/m220590ph/softwares/fftw/include/ allotarrays.c -L/gpfs-home/m220590ph/softwares/fftw/lib/  -fopenmp -lfftw3f_omp -lfftw3f -lm
gcc -c  -g   -I/gpfs-home/m220590ph/softwares/fftw/include/ funcs.c -L/gpfs-home/m220590ph/softwares/fftw/lib/  -fopenmp -lfftw3f_omp -lfftw3f -lm
gcc -c -g -I/gpfs-home/m220590ph/softwares/fftw/include/ powerspec.c -L/gpfs-home/m220590ph/softwares/fftw/lib/  -fopenmp -lfftw3f_omp -lfftw3f -lm
gcc -c -g -I/gpfs-home/m220590ph/softwares/fftw/include/ tf_fit.c -L/gpfs-home/m220590ph/softwares/fftw/lib/  -fopenmp -lfftw3f_omp -lfftw3f -lm
gcc -c -g -I/gpfs-home/m220590ph/softwares/fftw/include/ ionz_funcs.c -L/gpfs-home/m220590ph/softwares/fftw/lib/  -fopenmp -lfftw3f_omp -lfftw3f -lm 
gcc -g -o ionz_main  ionz_main.o nbody_funcs.o allotarrays.o funcs.o powerspec.o tf_fit.o ionz_funcs.o  -L/gpfs-home/m220590ph/softwares/fftw/lib/  -fopenmp -lfftw3f_omp -lfftw3f -lm
rm -rf *.o
rm -rf *~
cc -c -g -I/gpfs-home/m220590ph/softwares/fftw/include/ r_z.c -L/gpfs-home/m220590ph/softwares/fftw/lib/  -fopenmp -lfftw3f_omp -lfftw3f -lm
cc -c -g -I/gpfs-home/m220590ph/softwares/fftw/include/ funcs.c -L/gpfs-home/m220590ph/softwares/fftw/lib/  -fopenmp -lfftw3f_omp -lfftw3f -lm
cc -g -o r_z r_z.o  funcs.o  -L/gpfs-home/m220590ph/softwares/fftw/lib/  -fopenmp -lfftw3f_omp -lfftw3f -lm
rm -f *.o *~
gcc -g   -c -o random.o random.c
gcc -g -o random random.o -L/gpfs-home/m220590ph/softwares/fftw/lib/  -lm
rm -rf *.o
rm -rf *~
gcc -c -g -I/gpfs-home/m220590ph/softwares/fftw/include/ lightcone.c -L/gpfs-home/m220590ph/softwares/fftw/lib/  -fopenmp -lfftw3f_omp -lfftw3f -lm
gcc -c -g -I/gpfs-home/m220590ph/softwares/fftw/include/ allotarrays.c -L/gpfs-home/m220590ph/softwares/fftw/lib/  -fopenmp -lfftw3f_omp -lfftw3f -lm
gcc -c -g -I/gpfs-home/m220590ph/softwares/fftw/include/ lightcone_funcs.c -L/gpfs-home/m220590ph/softwares/fftw/lib/  -fopenmp -lfftw3f_omp -lfftw3f -lm 
gcc -c  -g   -I/gpfs-home/m220590ph/softwares/fftw/include/ funcs.c -L/gpfs-home/m220590ph/softwares/fftw/lib/  -fopenmp -lfftw3f_omp -lfftw3f -lm
gcc -g -o lightcone  lightcone.o allotarrays.o lightcone_funcs.o funcs.o -L/gpfs-home/m220590ph/softwares/fftw/lib/  -fopenmp -lfftw3f_omp -lfftw3f -lm
rm -rf *.o
rm -rf *~
gcc -c -g -I/gpfs-home/m220590ph/softwares/fftw/include/ ionz_main.c -L/gpfs-home/m220590ph/softwares/fftw/lib/  -fopenmp -lfftw3f_omp -lfftw3f -lm
gcc -c  -g   -I/gpfs-home/m220590ph/softwares/fftw/include/ nbody_funcs.c -L/gpfs-home/m220590ph/softwares/fftw/lib/  -fopenmp -lfftw3f_omp -lfftw3f -lm
gcc -c -g -I/gpfs-home/m220590ph/softwares/fftw/include/ allotarrays.c -L/gpfs-home/m220590ph/softwares/fftw/lib/  -fopenmp -lfftw3f_omp -lfftw3f -lm
gcc -c  -g   -I/gpfs-home/m220590ph/softwares/fftw/include/ funcs.c -L/gpfs-home/m220590ph/softwares/fftw/lib/  -fopenmp -lfftw3f_omp -lfftw3f -lm
gcc -c -g -I/gpfs-home/m220590ph/softwares/fftw/include/ powerspec.c -L/gpfs-home/m220590ph/softwares/fftw/lib/  -fopenmp -lfftw3f_omp -lfftw3f -lm
gcc -c -g -I/gpfs-home/m220590ph/softwares/fftw/include/ tf_fit.c -L/gpfs-home/m220590ph/softwares/fftw/lib/  -fopenmp -lfftw3f_omp -lfftw3f -lm
gcc -c -g -I/gpfs-home/m220590ph/softwares/fftw/include/ ionz_funcs.c -L/gpfs-home/m220590ph/softwares/fftw/lib/  -fopenmp -lfftw3f_omp -lfftw3f -lm 
gcc -g -o ionz_main  ionz_main.o nbody_funcs.o allotarrays.o funcs.o powerspec.o tf_fit.o ionz_funcs.o  -L/gpfs-home/m220590ph/softwares/fftw/lib/  -fopenmp -lfftw3f_omp -lfftw3f -lm
rm -rf *.o
rm -rf *~
/gpfs-scratch/m220590ph/FrontEnd_cosmo
/gpfs-scratch/m220590ph/FrontEnd_cosmo/N-body
make nbody_comp FFTW=/gpfs-home/m220590ph/softwares/fftw
/gpfs-scratch/m220590ph/FrontEnd_cosmo/FoF-Halo-finder
make fof_main FFTW=/gpfs-home/m220590ph/softwares/fftw
/gpfs-scratch/m220590ph/FrontEnd_cosmo/ReionYuga
make ionz_main FFTW=/gpfs-home/m220590ph/softwares/fftw
/gpfs-scratch/m220590ph/FrontEnd_cosmo/r_z
make r_z FFTW=/gpfs-home/m220590ph/softwares/fftw
/gpfs-scratch/m220590ph/FrontEnd_cosmo/sampling
make random FFTW=/gpfs-home/m220590ph/softwares/fftw
/gpfs-scratch/m220590ph/FrontEnd_cosmo/lightcone
make lightcone FFTW=/gpfs-home/m220590ph/softwares/fftw
/gpfs-scratch/m220590ph/FrontEnd_cosmo/reionz_lc
make ionz_main FFTW=/gpfs-home/m220590ph/softwares/fftw
-100012 10
0.6704 0.3183 0.6817 0.9619
0.04902 0.8347
1536 1536 1536 2 0.14
0 1
0.008 0.004
51
10.0 9.9 9.8 9.7 9.6 9.5 9.4 9.3 9.2 9.1 9.0 8.9 8.8 8.7 8.6 8.5 8.4 8.3 8.2 8.1 8.0 7.9 7.8 7.7 7.6 7.5 7.4 7.3 7.2 7.1 7.0 6.9 6.8 6.7 6.6 6.5 6.4 6.3 6.2 6.1 6.0 5.9 5.8 5.7 5.6 5.5 5.4 5.3 5.2 5.1 5
/gpfs-scratch/m220590ph/FrontEnd_cosmo/N-body
