Running command for HPC
Searching for files with the term: output.nbody
Searching for files with the term: input.nbody
Moved input.nbody_comp to ../trash
Searching for files with the term: pk.
Searching for files with the term: halo_catalogue
Cleaned N Nody
Searching for files with the term: output.nbody
Searching for files with the term: input.nbody
Searching for files with the term: pk.
Searching for files with the term: halo_catalogue
Cleaned FOF
Directory '/gpfs-scratch/m220590ph/FrontEnd_cosmo/ReionYuga/ionz_out' does not exist.
Folder 'ionz_out' does not exist in the source directory.
Moved folder 'ionz_out' to '../trash/_10/'
Searching for files with the term: output.nbody
Searching for files with the term: input.nbody
Searching for files with the term: pk.
Searching for files with the term: halo_catalogue
Search and move process complete.
gcc -c -g -I/gpfs-home/m220590ph/softwares/fftw/include/ nbody_comp.c -L/gpfs-home/m220590ph/softwares/fftw/lib/  -fopenmp -lfftw3f_omp -lfftw3f -lm
gcc -c  -g   -I/gpfs-home/m220590ph/softwares/fftw/include/ nbody_funcs.c -L/gpfs-home/m220590ph/softwares/fftw/lib/  -fopenmp -lfftw3f_omp -lfftw3f -lm
gcc -c -g -I/gpfs-home/m220590ph/softwares/fftw/include/ allotarrays.c -L/gpfs-home/m220590ph/softwares/fftw/lib/  -fopenmp -lfftw3f_omp -lfftw3f -lm
gcc -c  -g   -I/gpfs-home/m220590ph/softwares/fftw/include/ funcs.c -L/gpfs-home/m220590ph/softwares/fftw/lib/  -fopenmp -lfftw3f_omp -lfftw3f -lm
gcc -c -g -I/gpfs-home/m220590ph/softwares/fftw/include/ powerspec.c -L/gpfs-home/m220590ph/softwares/fftw/lib/  -fopenmp -lfftw3f_omp -lfftw3f -lm
gcc -c -g -I/gpfs-home/m220590ph/softwares/fftw/include/ tf_fit.c -L/gpfs-home/m220590ph/softwares/fftw/lib/  -fopenmp -lfftw3f_omp -lfftw3f -lm
gcc -g -o nbody_comp nbody_comp.o nbody_funcs.o funcs.o allotarrays.o powerspec.o tf_fit.o -L/gpfs-home/m220590ph/softwares/fftw/lib/  -fopenmp -lfftw3f_omp -lfftw3f -lm
rm -rf *.o
rm -rf *~
gcc -c -g -I/gpfs-home/m220590ph/softwares/fftw/include/ fof_main.c -L/gpfs-home/m220590ph/softwares/fftw/lib/  -fopenmp -lfftw3f_omp -lfftw3f -lm
gcc -c  -g   -I/gpfs-home/m220590ph/softwares/fftw/include/ nbody_funcs.c -L/gpfs-home/m220590ph/softwares/fftw/lib/  -fopenmp -lfftw3f_omp -lfftw3f -lm
gcc -c -g -I/gpfs-home/m220590ph/softwares/fftw/include/ allotarrays.c -L/gpfs-home/m220590ph/softwares/fftw/lib/  -fopenmp -lfftw3f_omp -lfftw3f -lm
gcc -c  -g   -I/gpfs-home/m220590ph/softwares/fftw/include/ funcs.c -L/gpfs-home/m220590ph/softwares/fftw/lib/  -fopenmp -lfftw3f_omp -lfftw3f -lm
gcc -c -g -I/gpfs-home/m220590ph/softwares/fftw/include/ powerspec.c -L/gpfs-home/m220590ph/softwares/fftw/lib/  -fopenmp -lfftw3f_omp -lfftw3f -lm
gcc -c -g -I/gpfs-home/m220590ph/softwares/fftw/include/ tf_fit.c -L/gpfs-home/m220590ph/softwares/fftw/lib/  -fopenmp -lfftw3f_omp -lfftw3f -lm
gcc -g -o fof_main fof_main.o nbody_funcs.o funcs.o allotarrays.o powerspec.o tf_fit.o -L/gpfs-home/m220590ph/softwares/fftw/lib/  -fopenmp -lfftw3f_omp -lfftw3f -lm
rm -rf *.o
rm -rf *~
gcc -c -g -I/gpfs-home/m220590ph/softwares/fftw/include/ ionz_main.c -L/gpfs-home/m220590ph/softwares/fftw/lib/  -fopenmp -lfftw3f_omp -lfftw3f -lm
gcc -c  -g   -I/gpfs-home/m220590ph/softwares/fftw/include/ nbody_funcs.c -L/gpfs-home/m220590ph/softwares/fftw/lib/  -fopenmp -lfftw3f_omp -lfftw3f -lm
gcc -c -g -I/gpfs-home/m220590ph/softwares/fftw/include/ allotarrays.c -L/gpfs-home/m220590ph/softwares/fftw/lib/  -fopenmp -lfftw3f_omp -lfftw3f -lm
gcc -c  -g   -I/gpfs-home/m220590ph/softwares/fftw/include/ funcs.c -L/gpfs-home/m220590ph/softwares/fftw/lib/  -fopenmp -lfftw3f_omp -lfftw3f -lm
gcc -c -g -I/gpfs-home/m220590ph/softwares/fftw/include/ powerspec.c -L/gpfs-home/m220590ph/softwares/fftw/lib/  -fopenmp -lfftw3f_omp -lfftw3f -lm
gcc -c -g -I/gpfs-home/m220590ph/softwares/fftw/include/ tf_fit.c -L/gpfs-home/m220590ph/softwares/fftw/lib/  -fopenmp -lfftw3f_omp -lfftw3f -lm
gcc -c -g -I/gpfs-home/m220590ph/softwares/fftw/include/ ionz_funcs.c -L/gpfs-home/m220590ph/softwares/fftw/lib/  -fopenmp -lfftw3f_omp -lfftw3f -lm 
gcc -g -o ionz_main  ionz_main.o nbody_funcs.o allotarrays.o funcs.o powerspec.o tf_fit.o ionz_funcs.o  -L/gpfs-home/m220590ph/softwares/fftw/lib/  -fopenmp -lfftw3f_omp -lfftw3f -lm
rm -rf *.o
rm -rf *~
cc -c -g -I/gpfs-home/m220590ph/softwares/fftw/include/ r_z.c -L/gpfs-home/m220590ph/softwares/fftw/lib/  -fopenmp -lfftw3f_omp -lfftw3f -lm
cc -c -g -I/gpfs-home/m220590ph/softwares/fftw/include/ funcs.c -L/gpfs-home/m220590ph/softwares/fftw/lib/  -fopenmp -lfftw3f_omp -lfftw3f -lm
cc -g -o r_z r_z.o  funcs.o  -L/gpfs-home/m220590ph/softwares/fftw/lib/  -fopenmp -lfftw3f_omp -lfftw3f -lm
rm -f *.o *~
gcc -g   -c -o random.o random.c
gcc -g -o random random.o -L/gpfs-home/m220590ph/softwares/fftw/lib/  -lm
rm -rf *.o
rm -rf *~
gcc -c -g -I/gpfs-home/m220590ph/softwares/fftw/include/ lightcone.c -L/gpfs-home/m220590ph/softwares/fftw/lib/  -fopenmp -lfftw3f_omp -lfftw3f -lm
gcc -c -g -I/gpfs-home/m220590ph/softwares/fftw/include/ allotarrays.c -L/gpfs-home/m220590ph/softwares/fftw/lib/  -fopenmp -lfftw3f_omp -lfftw3f -lm
gcc -c -g -I/gpfs-home/m220590ph/softwares/fftw/include/ lightcone_funcs.c -L/gpfs-home/m220590ph/softwares/fftw/lib/  -fopenmp -lfftw3f_omp -lfftw3f -lm 
gcc -c  -g   -I/gpfs-home/m220590ph/softwares/fftw/include/ funcs.c -L/gpfs-home/m220590ph/softwares/fftw/lib/  -fopenmp -lfftw3f_omp -lfftw3f -lm
gcc -g -o lightcone  lightcone.o allotarrays.o lightcone_funcs.o funcs.o -L/gpfs-home/m220590ph/softwares/fftw/lib/  -fopenmp -lfftw3f_omp -lfftw3f -lm
rm -rf *.o
rm -rf *~
gcc -c -g -I/gpfs-home/m220590ph/softwares/fftw/include/ ionz_main.c -L/gpfs-home/m220590ph/softwares/fftw/lib/  -fopenmp -lfftw3f_omp -lfftw3f -lm
gcc -c  -g   -I/gpfs-home/m220590ph/softwares/fftw/include/ nbody_funcs.c -L/gpfs-home/m220590ph/softwares/fftw/lib/  -fopenmp -lfftw3f_omp -lfftw3f -lm
gcc -c -g -I/gpfs-home/m220590ph/softwares/fftw/include/ allotarrays.c -L/gpfs-home/m220590ph/softwares/fftw/lib/  -fopenmp -lfftw3f_omp -lfftw3f -lm
gcc -c  -g   -I/gpfs-home/m220590ph/softwares/fftw/include/ funcs.c -L/gpfs-home/m220590ph/softwares/fftw/lib/  -fopenmp -lfftw3f_omp -lfftw3f -lm
gcc -c -g -I/gpfs-home/m220590ph/softwares/fftw/include/ powerspec.c -L/gpfs-home/m220590ph/softwares/fftw/lib/  -fopenmp -lfftw3f_omp -lfftw3f -lm
gcc -c -g -I/gpfs-home/m220590ph/softwares/fftw/include/ tf_fit.c -L/gpfs-home/m220590ph/softwares/fftw/lib/  -fopenmp -lfftw3f_omp -lfftw3f -lm
gcc -c -g -I/gpfs-home/m220590ph/softwares/fftw/include/ ionz_funcs.c -L/gpfs-home/m220590ph/softwares/fftw/lib/  -fopenmp -lfftw3f_omp -lfftw3f -lm 
gcc -g -o ionz_main  ionz_main.o nbody_funcs.o allotarrays.o funcs.o powerspec.o tf_fit.o ionz_funcs.o  -L/gpfs-home/m220590ph/softwares/fftw/lib/  -fopenmp -lfftw3f_omp -lfftw3f -lm
rm -rf *.o
rm -rf *~
/gpfs-scratch/m220590ph/FrontEnd_cosmo
/gpfs-scratch/m220590ph/FrontEnd_cosmo/N-body
make nbody_comp FFTW=/gpfs-home/m220590ph/softwares/fftw
/gpfs-scratch/m220590ph/FrontEnd_cosmo/FoF-Halo-finder
make fof_main FFTW=/gpfs-home/m220590ph/softwares/fftw
/gpfs-scratch/m220590ph/FrontEnd_cosmo/ReionYuga
make ionz_main FFTW=/gpfs-home/m220590ph/softwares/fftw
/gpfs-scratch/m220590ph/FrontEnd_cosmo/r_z
make r_z FFTW=/gpfs-home/m220590ph/softwares/fftw
/gpfs-scratch/m220590ph/FrontEnd_cosmo/sampling
make random FFTW=/gpfs-home/m220590ph/softwares/fftw
/gpfs-scratch/m220590ph/FrontEnd_cosmo/lightcone
make lightcone FFTW=/gpfs-home/m220590ph/softwares/fftw
/gpfs-scratch/m220590ph/FrontEnd_cosmo/reionz_lc
make ionz_main FFTW=/gpfs-home/m220590ph/softwares/fftw
-100012 10
0.6704 0.3183 0.6817 0.9619
0.04902 0.8347
1536 1536 1536 2 0.14
0 1
0.008 0.004
51
10.0 9.9 9.8 9.7 9.6 9.5 9.4 9.3 9.2 9.1 9.0 8.9 8.8 8.7 8.6 8.5 8.4 8.3 8.2 8.1 8.0 7.9 7.8 7.7 7.6 7.5 7.4 7.3 7.2 7.1 7.0 6.9 6.8 6.7 6.6 6.5 6.4 6.3 6.2 6.1 6.0 5.9 5.8 5.7 5.6 5.5 5.4 5.3 5.2 5.1 5
/gpfs-scratch/m220590ph/FrontEnd_cosmo/N-body
DM_m= 8.716056e-02 10^10 M_sun 	 L_box=2.150400e+02 Mpc
No of threads = 40
norml=2.759474e-10	CC=1.007242e+04	rho_b_inv=8.000000e+00
ok delta_fill time = 4.016017e+02
ok cal_pow time = 5.788617e+02
ok Zel_move time = 1.355398e+01
ok cic = 3.842979e+00
delta_aap=2.909087e-03
(z=10.0) time for  Nbody loop = 5.852017e+02	time for write output = 4.504282e+01
delta_aap=3.340244e-04
(z=9.9) time for  Nbody loop = 8.186773e+01	time for write output = 4.513311e+01
delta_aap=3.494695e-04
(z=9.8) time for  Nbody loop = 8.212600e+01	time for write output = 4.680661e+01
delta_aap=3.653541e-04
(z=9.7) time for  Nbody loop = 8.251428e+01	time for write output = 4.798415e+01
delta_aap=3.816709e-04
(z=9.6) time for  Nbody loop = 8.280412e+01	time for write output = 4.600098e+01
delta_aap=3.984794e-04
(z=9.5) time for  Nbody loop = 8.196957e+01	time for write output = 4.579362e+01
delta_aap=4.157498e-04
(z=9.4) time for  Nbody loop = 8.273910e+01	time for write output = 4.536116e+01
delta_aap=4.335269e-04
(z=9.3) time for  Nbody loop = 8.288646e+01	time for write output = 4.566346e+01
delta_aap=4.518405e-04
(z=9.2) time for  Nbody loop = 8.242902e+01	time for write output = 4.703910e+01
delta_aap=4.706755e-04
(z=9.1) time for  Nbody loop = 8.221328e+01	time for write output = 4.560109e+01
delta_aap=4.901066e-04
(z=9.0) time for  Nbody loop = 8.275012e+01	time for write output = 4.643963e+01
delta_aap=1.010299e-05
(z=8.9) time for  Nbody loop = 1.092476e+02	time for write output = 4.571132e+01
delta_aap=3.070384e-05
(z=8.8) time for  Nbody loop = 1.108418e+02	time for write output = 4.566370e+01
delta_aap=5.196780e-05
(z=8.7) time for  Nbody loop = 1.106166e+02	time for write output = 4.569936e+01
delta_aap=7.387996e-05
(z=8.6) time for  Nbody loop = 1.108364e+02	time for write output = 4.548743e+01
delta_aap=9.649247e-05
(z=8.5) time for  Nbody loop = 1.116023e+02	time for write output = 4.548163e+01
delta_aap=1.198202e-04
(z=8.4) time for  Nbody loop = 1.109495e+02	time for write output = 4.590058e+01
delta_aap=1.438931e-04
(z=8.3) time for  Nbody loop = 1.100039e+02	time for write output = 4.694873e+01
delta_aap=1.687780e-04
(z=8.2) time for  Nbody loop = 1.111681e+02	time for write output = 4.668909e+01
delta_aap=1.944453e-04
(z=8.1) time for  Nbody loop = 1.103830e+02	time for write output = 4.671980e+01
delta_aap=2.210066e-04
(z=8.0) time for  Nbody loop = 1.124429e+02	time for write output = 4.615379e+01
delta_aap=2.484322e-04
(z=7.9) time for  Nbody loop = 1.110670e+02	time for write output = 4.572344e+01
delta_aap=2.768114e-04
(z=7.8) time for  Nbody loop = 1.110045e+02	time for write output = 4.557967e+01
delta_aap=3.061667e-04
(z=7.7) time for  Nbody loop = 1.111271e+02	time for write output = 4.503821e+01
delta_aap=3.365427e-04
(z=7.6) time for  Nbody loop = 1.100336e+02	time for write output = 4.703342e+01
delta_aap=3.679842e-04
(z=7.5) time for  Nbody loop = 1.114166e+02	time for write output = 4.633930e+01
delta_aap=4.005581e-04
(z=7.4) time for  Nbody loop = 1.107054e+02	time for write output = 4.583320e+01
delta_aap=4.343018e-04
(z=7.3) time for  Nbody loop = 1.107778e+02	time for write output = 4.540803e+01
delta_aap=4.692972e-04
(z=7.2) time for  Nbody loop = 1.117060e+02	time for write output = 4.575469e+01
delta_aap=5.565584e-06
(z=7.1) time for  Nbody loop = 1.393885e+02	time for write output = 4.620004e+01
delta_aap=4.320592e-05
(z=7.0) time for  Nbody loop = 1.381576e+02	time for write output = 4.559230e+01
delta_aap=8.229911e-05
(z=6.9) time for  Nbody loop = 1.396217e+02	time for write output = 4.539838e+01
delta_aap=1.228601e-04
(z=6.8) time for  Nbody loop = 1.393307e+02	time for write output = 4.560039e+01
delta_aap=1.650304e-04
(z=6.7) time for  Nbody loop = 1.400434e+02	time for write output = 4.589695e+01
delta_aap=2.088398e-04
(z=6.6) time for  Nbody loop = 1.398506e+02	time for write output = 4.563858e+01
delta_aap=2.544075e-04
(z=6.5) time for  Nbody loop = 1.388741e+02	time for write output = 4.593661e+01
delta_aap=3.018081e-04
(z=6.4) time for  Nbody loop = 1.401954e+02	time for write output = 4.583021e+01
delta_aap=3.511906e-04
(z=6.3) time for  Nbody loop = 1.403053e+02	time for write output = 4.596401e+01
delta_aap=4.026145e-04
(z=6.2) time for  Nbody loop = 1.398889e+02	time for write output = 4.511655e+01
delta_aap=4.561990e-04
(z=6.1) time for  Nbody loop = 1.408005e+02	time for write output = 4.617545e+01
delta_aap=1.209974e-05
(z=6.0) time for  Nbody loop = 1.679334e+02	time for write output = 4.624706e+01
delta_aap=7.040799e-05
(z=5.9) time for  Nbody loop = 1.677208e+02	time for write output = 4.626588e+01
delta_aap=1.313090e-04
(z=5.8) time for  Nbody loop = 1.672196e+02	time for write output = 4.596342e+01
delta_aap=1.949519e-04
(z=5.7) time for  Nbody loop = 1.703223e+02	time for write output = 4.546931e+01
delta_aap=2.614409e-04
(z=5.6) time for  Nbody loop = 1.688619e+02	time for write output = 4.602280e+01
delta_aap=3.310293e-04
(z=5.5) time for  Nbody loop = 1.686954e+02	time for write output = 4.524633e+01
delta_aap=4.038662e-04
(z=5.4) time for  Nbody loop = 1.679645e+02	time for write output = 4.630274e+01
delta_aap=4.801750e-04
(z=5.3) time for  Nbody loop = 1.686160e+02	time for write output = 4.554417e+01
delta_aap=6.021559e-05
(z=5.2) time for  Nbody loop = 1.968498e+02	time for write output = 4.589395e+01
delta_aap=1.441240e-04
(z=5.1) time for  Nbody loop = 1.963645e+02	time for write output = 4.694068e+01
delta_aap=2.322793e-04
(z=5.0) time for  Nbody loop = 1.999712e+02	time for write output = 4.571298e+01
number of step = 95
done. Total time taken = 11hr 38min 3sec
Searching for files with the term: output.nbody
Moved output.nbody_10.000 to /gpfs-scratch/m220590ph/FrontEnd_cosmo/FoF-Halo-finder
Moved output.nbody_5.000 to /gpfs-scratch/m220590ph/FrontEnd_cosmo/FoF-Halo-finder
Moved output.nbody_5.100 to /gpfs-scratch/m220590ph/FrontEnd_cosmo/FoF-Halo-finder
Moved output.nbody_5.200 to /gpfs-scratch/m220590ph/FrontEnd_cosmo/FoF-Halo-finder
Moved output.nbody_5.300 to /gpfs-scratch/m220590ph/FrontEnd_cosmo/FoF-Halo-finder
Moved output.nbody_5.400 to /gpfs-scratch/m220590ph/FrontEnd_cosmo/FoF-Halo-finder
Moved output.nbody_5.500 to /gpfs-scratch/m220590ph/FrontEnd_cosmo/FoF-Halo-finder
Moved output.nbody_5.600 to /gpfs-scratch/m220590ph/FrontEnd_cosmo/FoF-Halo-finder
Moved output.nbody_5.700 to /gpfs-scratch/m220590ph/FrontEnd_cosmo/FoF-Halo-finder
Moved output.nbody_5.800 to /gpfs-scratch/m220590ph/FrontEnd_cosmo/FoF-Halo-finder
Moved output.nbody_5.900 to /gpfs-scratch/m220590ph/FrontEnd_cosmo/FoF-Halo-finder
Moved output.nbody_6.000 to /gpfs-scratch/m220590ph/FrontEnd_cosmo/FoF-Halo-finder
Moved output.nbody_6.100 to /gpfs-scratch/m220590ph/FrontEnd_cosmo/FoF-Halo-finder
Moved output.nbody_6.200 to /gpfs-scratch/m220590ph/FrontEnd_cosmo/FoF-Halo-finder
Moved output.nbody_6.300 to /gpfs-scratch/m220590ph/FrontEnd_cosmo/FoF-Halo-finder
Moved output.nbody_6.400 to /gpfs-scratch/m220590ph/FrontEnd_cosmo/FoF-Halo-finder
Moved output.nbody_6.500 to /gpfs-scratch/m220590ph/FrontEnd_cosmo/FoF-Halo-finder
Moved output.nbody_6.600 to /gpfs-scratch/m220590ph/FrontEnd_cosmo/FoF-Halo-finder
Moved output.nbody_6.700 to /gpfs-scratch/m220590ph/FrontEnd_cosmo/FoF-Halo-finder
Moved output.nbody_6.800 to /gpfs-scratch/m220590ph/FrontEnd_cosmo/FoF-Halo-finder
Moved output.nbody_6.900 to /gpfs-scratch/m220590ph/FrontEnd_cosmo/FoF-Halo-finder
Moved output.nbody_7.000 to /gpfs-scratch/m220590ph/FrontEnd_cosmo/FoF-Halo-finder
Moved output.nbody_7.100 to /gpfs-scratch/m220590ph/FrontEnd_cosmo/FoF-Halo-finder
Moved output.nbody_7.200 to /gpfs-scratch/m220590ph/FrontEnd_cosmo/FoF-Halo-finder
Moved output.nbody_7.300 to /gpfs-scratch/m220590ph/FrontEnd_cosmo/FoF-Halo-finder
Moved output.nbody_7.400 to /gpfs-scratch/m220590ph/FrontEnd_cosmo/FoF-Halo-finder
Moved output.nbody_7.500 to /gpfs-scratch/m220590ph/FrontEnd_cosmo/FoF-Halo-finder
Moved output.nbody_7.600 to /gpfs-scratch/m220590ph/FrontEnd_cosmo/FoF-Halo-finder
Moved output.nbody_7.700 to /gpfs-scratch/m220590ph/FrontEnd_cosmo/FoF-Halo-finder
Moved output.nbody_7.800 to /gpfs-scratch/m220590ph/FrontEnd_cosmo/FoF-Halo-finder
Moved output.nbody_7.900 to /gpfs-scratch/m220590ph/FrontEnd_cosmo/FoF-Halo-finder
Moved output.nbody_8.000 to /gpfs-scratch/m220590ph/FrontEnd_cosmo/FoF-Halo-finder
Moved output.nbody_8.100 to /gpfs-scratch/m220590ph/FrontEnd_cosmo/FoF-Halo-finder
Moved output.nbody_8.200 to /gpfs-scratch/m220590ph/FrontEnd_cosmo/FoF-Halo-finder
Moved output.nbody_8.300 to /gpfs-scratch/m220590ph/FrontEnd_cosmo/FoF-Halo-finder
Moved output.nbody_8.400 to /gpfs-scratch/m220590ph/FrontEnd_cosmo/FoF-Halo-finder
Moved output.nbody_8.500 to /gpfs-scratch/m220590ph/FrontEnd_cosmo/FoF-Halo-finder
Moved output.nbody_8.600 to /gpfs-scratch/m220590ph/FrontEnd_cosmo/FoF-Halo-finder
Moved output.nbody_8.700 to /gpfs-scratch/m220590ph/FrontEnd_cosmo/FoF-Halo-finder
Moved output.nbody_8.800 to /gpfs-scratch/m220590ph/FrontEnd_cosmo/FoF-Halo-finder
Moved output.nbody_8.900 to /gpfs-scratch/m220590ph/FrontEnd_cosmo/FoF-Halo-finder
Moved output.nbody_9.000 to /gpfs-scratch/m220590ph/FrontEnd_cosmo/FoF-Halo-finder
Moved output.nbody_9.100 to /gpfs-scratch/m220590ph/FrontEnd_cosmo/FoF-Halo-finder
Moved output.nbody_9.200 to /gpfs-scratch/m220590ph/FrontEnd_cosmo/FoF-Halo-finder
Moved output.nbody_9.300 to /gpfs-scratch/m220590ph/FrontEnd_cosmo/FoF-Halo-finder
Moved output.nbody_9.400 to /gpfs-scratch/m220590ph/FrontEnd_cosmo/FoF-Halo-finder
Moved output.nbody_9.500 to /gpfs-scratch/m220590ph/FrontEnd_cosmo/FoF-Halo-finder
Moved output.nbody_9.600 to /gpfs-scratch/m220590ph/FrontEnd_cosmo/FoF-Halo-finder
Moved output.nbody_9.700 to /gpfs-scratch/m220590ph/FrontEnd_cosmo/FoF-Halo-finder
Moved output.nbody_9.800 to /gpfs-scratch/m220590ph/FrontEnd_cosmo/FoF-Halo-finder
Moved output.nbody_9.900 to /gpfs-scratch/m220590ph/FrontEnd_cosmo/FoF-Halo-finder
Searching for files with the term: input.nbody
Moved input.nbody_comp to /gpfs-scratch/m220590ph/FrontEnd_cosmo/FoF-Halo-finder
Searching for files with the term: pk.nbody
Moved pk.nbody10.0 to /gpfs-scratch/m220590ph/FrontEnd_cosmo/FoF-Halo-finder
Moved pk.nbody5.0 to /gpfs-scratch/m220590ph/FrontEnd_cosmo/FoF-Halo-finder
Moved pk.nbody5.1 to /gpfs-scratch/m220590ph/FrontEnd_cosmo/FoF-Halo-finder
Moved pk.nbody5.2 to /gpfs-scratch/m220590ph/FrontEnd_cosmo/FoF-Halo-finder
Moved pk.nbody5.3 to /gpfs-scratch/m220590ph/FrontEnd_cosmo/FoF-Halo-finder
Moved pk.nbody5.4 to /gpfs-scratch/m220590ph/FrontEnd_cosmo/FoF-Halo-finder
Moved pk.nbody5.5 to /gpfs-scratch/m220590ph/FrontEnd_cosmo/FoF-Halo-finder
Moved pk.nbody5.6 to /gpfs-scratch/m220590ph/FrontEnd_cosmo/FoF-Halo-finder
Moved pk.nbody5.7 to /gpfs-scratch/m220590ph/FrontEnd_cosmo/FoF-Halo-finder
Moved pk.nbody5.8 to /gpfs-scratch/m220590ph/FrontEnd_cosmo/FoF-Halo-finder
Moved pk.nbody5.9 to /gpfs-scratch/m220590ph/FrontEnd_cosmo/FoF-Halo-finder
Moved pk.nbody6.0 to /gpfs-scratch/m220590ph/FrontEnd_cosmo/FoF-Halo-finder
Moved pk.nbody6.1 to /gpfs-scratch/m220590ph/FrontEnd_cosmo/FoF-Halo-finder
Moved pk.nbody6.2 to /gpfs-scratch/m220590ph/FrontEnd_cosmo/FoF-Halo-finder
Moved pk.nbody6.3 to /gpfs-scratch/m220590ph/FrontEnd_cosmo/FoF-Halo-finder
Moved pk.nbody6.4 to /gpfs-scratch/m220590ph/FrontEnd_cosmo/FoF-Halo-finder
Moved pk.nbody6.5 to /gpfs-scratch/m220590ph/FrontEnd_cosmo/FoF-Halo-finder
Moved pk.nbody6.6 to /gpfs-scratch/m220590ph/FrontEnd_cosmo/FoF-Halo-finder
Moved pk.nbody6.7 to /gpfs-scratch/m220590ph/FrontEnd_cosmo/FoF-Halo-finder
Moved pk.nbody6.8 to /gpfs-scratch/m220590ph/FrontEnd_cosmo/FoF-Halo-finder
Moved pk.nbody6.9 to /gpfs-scratch/m220590ph/FrontEnd_cosmo/FoF-Halo-finder
Moved pk.nbody7.0 to /gpfs-scratch/m220590ph/FrontEnd_cosmo/FoF-Halo-finder
Moved pk.nbody7.1 to /gpfs-scratch/m220590ph/FrontEnd_cosmo/FoF-Halo-finder
Moved pk.nbody7.2 to /gpfs-scratch/m220590ph/FrontEnd_cosmo/FoF-Halo-finder
Moved pk.nbody7.3 to /gpfs-scratch/m220590ph/FrontEnd_cosmo/FoF-Halo-finder
Moved pk.nbody7.4 to /gpfs-scratch/m220590ph/FrontEnd_cosmo/FoF-Halo-finder
Moved pk.nbody7.5 to /gpfs-scratch/m220590ph/FrontEnd_cosmo/FoF-Halo-finder
Moved pk.nbody7.6 to /gpfs-scratch/m220590ph/FrontEnd_cosmo/FoF-Halo-finder
Moved pk.nbody7.7 to /gpfs-scratch/m220590ph/FrontEnd_cosmo/FoF-Halo-finder
Moved pk.nbody7.8 to /gpfs-scratch/m220590ph/FrontEnd_cosmo/FoF-Halo-finder
Moved pk.nbody7.9 to /gpfs-scratch/m220590ph/FrontEnd_cosmo/FoF-Halo-finder
Moved pk.nbody8.0 to /gpfs-scratch/m220590ph/FrontEnd_cosmo/FoF-Halo-finder
Moved pk.nbody8.1 to /gpfs-scratch/m220590ph/FrontEnd_cosmo/FoF-Halo-finder
Moved pk.nbody8.2 to /gpfs-scratch/m220590ph/FrontEnd_cosmo/FoF-Halo-finder
Moved pk.nbody8.3 to /gpfs-scratch/m220590ph/FrontEnd_cosmo/FoF-Halo-finder
Moved pk.nbody8.4 to /gpfs-scratch/m220590ph/FrontEnd_cosmo/FoF-Halo-finder
Moved pk.nbody8.5 to /gpfs-scratch/m220590ph/FrontEnd_cosmo/FoF-Halo-finder
Moved pk.nbody8.6 to /gpfs-scratch/m220590ph/FrontEnd_cosmo/FoF-Halo-finder
Moved pk.nbody8.7 to /gpfs-scratch/m220590ph/FrontEnd_cosmo/FoF-Halo-finder
Moved pk.nbody8.8 to /gpfs-scratch/m220590ph/FrontEnd_cosmo/FoF-Halo-finder
Moved pk.nbody8.9 to /gpfs-scratch/m220590ph/FrontEnd_cosmo/FoF-Halo-finder
Moved pk.nbody9.0 to /gpfs-scratch/m220590ph/FrontEnd_cosmo/FoF-Halo-finder
Moved pk.nbody9.1 to /gpfs-scratch/m220590ph/FrontEnd_cosmo/FoF-Halo-finder
Moved pk.nbody9.2 to /gpfs-scratch/m220590ph/FrontEnd_cosmo/FoF-Halo-finder
Moved pk.nbody9.3 to /gpfs-scratch/m220590ph/FrontEnd_cosmo/FoF-Halo-finder
Moved pk.nbody9.4 to /gpfs-scratch/m220590ph/FrontEnd_cosmo/FoF-Halo-finder
Moved pk.nbody9.5 to /gpfs-scratch/m220590ph/FrontEnd_cosmo/FoF-Halo-finder
Moved pk.nbody9.6 to /gpfs-scratch/m220590ph/FrontEnd_cosmo/FoF-Halo-finder
Moved pk.nbody9.7 to /gpfs-scratch/m220590ph/FrontEnd_cosmo/FoF-Halo-finder
Moved pk.nbody9.8 to /gpfs-scratch/m220590ph/FrontEnd_cosmo/FoF-Halo-finder
Moved pk.nbody9.9 to /gpfs-scratch/m220590ph/FrontEnd_cosmo/FoF-Halo-finder
Searching for files with the term: values.py
Moved values.py to /gpfs-scratch/m220590ph/FrontEnd_cosmo/FoF-Halo-finder
Search and move process complete.
“Job finished successfully”
